2020-02-24 15:18:21,402 - mylib.code_logging - DEBUG - > Connect: smtp.global-mail.cn
2020-02-24 15:18:21,660 - mylib.code_logging - DEBUG - < 220 ESMTP ready
2020-02-24 15:18:21,660 - mylib.code_logging - DEBUG - > HELO global-mail.cn
2020-02-24 15:18:21,737 - mylib.code_logging - DEBUG - < 250 ESMTP
2020-02-24 15:18:21,738 - mylib.code_logging - DEBUG - > EHLO global-mail.cn
2020-02-24 15:18:22,122 - mylib.code_logging - DEBUG - < 250-ESMTP
2020-02-24 15:18:22,122 - mylib.code_logging - DEBUG - < 250-AUTH PLAIN LOGIN
2020-02-24 15:18:22,122 - mylib.code_logging - DEBUG - < 250-SIZE
2020-02-24 15:18:22,122 - mylib.code_logging - DEBUG - < 250-8BITMIME
2020-02-24 15:18:22,123 - mylib.code_logging - DEBUG - < 250-STARTTLS
2020-02-24 15:18:22,123 - mylib.code_logging - DEBUG - < 250 OK
2020-02-24 15:18:22,123 - mylib.code_logging - DEBUG - > RANDOM ACCOUNT username:china@jshongze.com password:pyri10%ec
2020-02-24 15:18:22,123 - mylib.code_logging - DEBUG - > AUTH LOGIN Y2hpbmFAanNob25nemUuY29t
2020-02-24 15:18:22,201 - mylib.code_logging - DEBUG - < 334 UGFzc3dvcmQ6
2020-02-24 15:18:22,201 - mylib.code_logging - DEBUG - > cHlyaTEwJWVj
2020-02-24 15:18:22,324 - mylib.code_logging - DEBUG - < 235 Authentication successful
2020-02-24 15:18:22,347 - mylib.code_logging - DEBUG - > MAIL FROM:<china@jshongze.com>
2020-02-24 15:18:22,428 - mylib.code_logging - DEBUG - < 250 Sender <china@jshongze.com> Ok
2020-02-24 15:18:22,428 - mylib.code_logging - DEBUG - > RCPT TO:<2697666711@qq.com>
2020-02-24 15:18:22,508 - mylib.code_logging - DEBUG - < 250 Recipient <2697666711@qq.com> Ok
2020-02-24 15:18:22,508 - mylib.code_logging - DEBUG - > RCPT TO:<549086748@qq.com>
2020-02-24 15:18:22,890 - mylib.code_logging - DEBUG - < 250 Recipient <549086748@qq.com> Ok
2020-02-24 15:18:22,890 - mylib.code_logging - DEBUG - > RCPT TO:<852982331@qq.com>
2020-02-24 15:18:22,968 - mylib.code_logging - DEBUG - < 250 Recipient <852982331@qq.com> Ok
2020-02-24 15:18:22,968 - mylib.code_logging - DEBUG - > RCPT TO:<2351948295@qq.com>
2020-02-24 15:18:23,048 - mylib.code_logging - DEBUG - < 250 Recipient <2351948295@qq.com> Ok
2020-02-24 15:18:23,048 - mylib.code_logging - DEBUG - > RCPT TO:<235356156@qq.com>
2020-02-24 15:18:23,127 - mylib.code_logging - DEBUG - < 250 Recipient <235356156@qq.com> Ok
2020-02-24 15:18:23,127 - mylib.code_logging - DEBUG - > RCPT TO:<201433434@qq.com>
2020-02-24 15:18:23,205 - mylib.code_logging - DEBUG - < 250 Recipient <201433434@qq.com> Ok
2020-02-24 15:18:23,205 - mylib.code_logging - DEBUG - > RCPT TO:<369864874@qq.com>
2020-02-24 15:18:23,283 - mylib.code_logging - DEBUG - < 250 Recipient <369864874@qq.com> Ok
2020-02-24 15:18:23,284 - mylib.code_logging - DEBUG - > RCPT TO:<664871357@qq.com>
2020-02-24 15:18:23,363 - mylib.code_logging - DEBUG - < 250 Recipient <664871357@qq.com> Ok
2020-02-24 15:18:23,363 - mylib.code_logging - DEBUG - > RCPT TO:<lipengfei5201314@163.com>
2020-02-24 15:18:23,441 - mylib.code_logging - DEBUG - < 250 Recipient <lipengfei5201314@163.com> Ok
2020-02-24 15:18:23,442 - mylib.code_logging - DEBUG - > RCPT TO:<1208576821@qq.com>
2020-02-24 15:18:23,520 - mylib.code_logging - DEBUG - < 250 Recipient <1208576821@qq.com> Ok
2020-02-24 15:18:23,520 - mylib.code_logging - DEBUG - > RCPT TO:<813942020@qq.com>
2020-02-24 15:18:23,598 - mylib.code_logging - DEBUG - < 250 Recipient <813942020@qq.com> Ok
2020-02-24 15:18:23,598 - mylib.code_logging - DEBUG - > RCPT TO:<3451937426@qq.com>
2020-02-24 15:18:23,979 - mylib.code_logging - DEBUG - < 250 Recipient <3451937426@qq.com> Ok
2020-02-24 15:18:23,979 - mylib.code_logging - DEBUG - > RCPT TO:<562459951@qq.com>
2020-02-24 15:18:24,057 - mylib.code_logging - DEBUG - < 250 Recipient <562459951@qq.com> Ok
2020-02-24 15:18:24,057 - mylib.code_logging - DEBUG - > RCPT TO:<2158942840@qq.com>
2020-02-24 15:18:24,135 - mylib.code_logging - DEBUG - < 250 Recipient <2158942840@qq.com> Ok
2020-02-24 15:18:24,135 - mylib.code_logging - DEBUG - > RCPT TO:<785469666@qq.com>
2020-02-24 15:18:24,515 - mylib.code_logging - DEBUG - < 250 Recipient <785469666@qq.com> Ok
2020-02-24 15:18:24,515 - mylib.code_logging - DEBUG - > RCPT TO:<1054144128@qq.com>
2020-02-24 15:18:24,594 - mylib.code_logging - DEBUG - < 250 Recipient <1054144128@qq.com> Ok
2020-02-24 15:18:24,594 - mylib.code_logging - DEBUG - > RCPT TO:<1400791762@qq.com>
2020-02-24 15:18:24,672 - mylib.code_logging - DEBUG - < 250 Recipient <1400791762@qq.com> Ok
2020-02-24 15:18:24,673 - mylib.code_logging - DEBUG - > RCPT TO:<641963496@qq.com>
2020-02-24 15:18:24,751 - mylib.code_logging - DEBUG - < 250 Recipient <641963496@qq.com> Ok
2020-02-24 15:18:24,751 - mylib.code_logging - DEBUG - > RCPT TO:<2955656639@qq.com>
2020-02-24 15:18:24,830 - mylib.code_logging - DEBUG - < 250 Recipient <2955656639@qq.com> Ok
2020-02-24 15:18:24,830 - mylib.code_logging - DEBUG - > RCPT TO:<2419572507@QQ.com>
2020-02-24 15:18:24,908 - mylib.code_logging - DEBUG - < 250 Recipient <2419572507@qq.com> Ok
2020-02-24 15:18:24,908 - mylib.code_logging - DEBUG - > RCPT TO:<282892763@qq.com>
2020-02-24 15:18:24,987 - mylib.code_logging - DEBUG - < 250 Recipient <282892763@qq.com> Ok
2020-02-24 15:18:24,987 - mylib.code_logging - DEBUG - > RCPT TO:<13694516466@qq.com>
2020-02-24 15:18:25,066 - mylib.code_logging - DEBUG - < 250 Recipient <13694516466@qq.com> Ok
2020-02-24 15:18:25,066 - mylib.code_logging - DEBUG - > RCPT TO:<121043607@qq.com>
2020-02-24 15:18:25,144 - mylib.code_logging - DEBUG - < 250 Recipient <121043607@qq.com> Ok
2020-02-24 15:18:25,144 - mylib.code_logging - DEBUG - > RCPT TO:<18334834311@qq.com>
2020-02-24 15:18:25,223 - mylib.code_logging - DEBUG - < 250 Recipient <18334834311@qq.com> Ok
2020-02-24 15:18:25,223 - mylib.code_logging - DEBUG - > RCPT TO:<kilua0425@163.com>
2020-02-24 15:18:25,302 - mylib.code_logging - DEBUG - < 250 Recipient <kilua0425@163.com> Ok
2020-02-24 15:18:25,302 - mylib.code_logging - DEBUG - > RCPT TO:<1985640685@qq.com>
2020-02-24 15:18:25,381 - mylib.code_logging - DEBUG - < 250 Recipient <1985640685@qq.com> Ok
2020-02-24 15:18:25,381 - mylib.code_logging - DEBUG - > RCPT TO:<59207799@qq.com>
2020-02-24 15:18:25,459 - mylib.code_logging - DEBUG - < 250 Recipient <59207799@qq.com> Ok
2020-02-24 15:18:25,460 - mylib.code_logging - DEBUG - > RCPT TO:<2745763567@qq.com>
2020-02-24 15:18:25,539 - mylib.code_logging - DEBUG - < 250 Recipient <2745763567@qq.com> Ok
2020-02-24 15:18:25,539 - mylib.code_logging - DEBUG - > RCPT TO:<67781149@qq.com>
2020-02-24 15:18:25,617 - mylib.code_logging - DEBUG - < 250 Recipient <67781149@qq.com> Ok
2020-02-24 15:18:25,617 - mylib.code_logging - DEBUG - > RCPT TO:<aaa275822178@sohu.com>
2020-02-24 15:18:25,696 - mylib.code_logging - DEBUG - < 250 Recipient <aaa275822178@sohu.com> Ok
2020-02-24 15:18:25,697 - mylib.code_logging - DEBUG - > RCPT TO:<838929565@qq.com>
2020-02-24 15:18:25,776 - mylib.code_logging - DEBUG - < 250 Recipient <838929565@qq.com> Ok
2020-02-24 15:18:25,776 - mylib.code_logging - DEBUG - > RCPT TO:<421769282@qq.com>
2020-02-24 15:18:25,855 - mylib.code_logging - DEBUG - < 250 Recipient <421769282@qq.com> Ok
2020-02-24 15:18:25,855 - mylib.code_logging - DEBUG - > RCPT TO:<15676751224@sina.com>
2020-02-24 15:18:25,934 - mylib.code_logging - DEBUG - < 250 Recipient <15676751224@sina.com> Ok
2020-02-24 15:18:25,934 - mylib.code_logging - DEBUG - > RCPT TO:<404350016@qq.com>
2020-02-24 15:18:26,617 - mylib.code_logging - DEBUG - < 250 Recipient <404350016@qq.com> Ok
2020-02-24 15:18:26,617 - mylib.code_logging - DEBUG - > RCPT TO:<15513903383@163.com>
2020-02-24 15:18:26,696 - mylib.code_logging - DEBUG - < 250 Recipient <15513903383@163.com> Ok
2020-02-24 15:18:26,696 - mylib.code_logging - DEBUG - > RCPT TO:<916411701@qq.com>
2020-02-24 15:18:26,775 - mylib.code_logging - DEBUG - < 250 Recipient <916411701@qq.com> Ok
2020-02-24 15:18:26,775 - mylib.code_logging - DEBUG - > RCPT TO:<503101744@qq.com>
2020-02-24 15:18:26,853 - mylib.code_logging - DEBUG - < 250 Recipient <503101744@qq.com> Ok
2020-02-24 15:18:26,854 - mylib.code_logging - DEBUG - > RCPT TO:<58455458@qq.com>
2020-02-24 15:18:26,932 - mylib.code_logging - DEBUG - < 250 Recipient <58455458@qq.com> Ok
2020-02-24 15:18:26,933 - mylib.code_logging - DEBUG - > RCPT TO:<3307182198@qq.com>
2020-02-24 15:18:27,312 - mylib.code_logging - DEBUG - < 250 Recipient <3307182198@qq.com> Ok
2020-02-24 15:18:27,312 - mylib.code_logging - DEBUG - > RCPT TO:<18583623267@qq.com>
2020-02-24 15:18:27,391 - mylib.code_logging - DEBUG - < 250 Recipient <18583623267@qq.com> Ok
2020-02-24 15:18:27,391 - mylib.code_logging - DEBUG - > RCPT TO:<424373741@qq.com>
2020-02-24 15:18:27,470 - mylib.code_logging - DEBUG - < 250 Recipient <424373741@qq.com> Ok
2020-02-24 15:18:27,471 - mylib.code_logging - DEBUG - > RCPT TO:<729236331@qq.com>
2020-02-24 15:18:27,549 - mylib.code_logging - DEBUG - < 250 Recipient <729236331@qq.com> Ok
2020-02-24 15:18:27,549 - mylib.code_logging - DEBUG - > RCPT TO:<1323215322@gmail.com>
2020-02-24 15:18:27,628 - mylib.code_logging - DEBUG - < 250 Recipient <1323215322@gmail.com> Ok
2020-02-24 15:18:27,629 - mylib.code_logging - DEBUG - > RCPT TO:<676016676@qq.com>
2020-02-24 15:18:27,707 - mylib.code_logging - DEBUG - < 250 Recipient <676016676@qq.com> Ok
2020-02-24 15:18:27,707 - mylib.code_logging - DEBUG - > RCPT TO:<2499930486@qq.com>
2020-02-24 15:18:28,387 - mylib.code_logging - DEBUG - < 250 Recipient <2499930486@qq.com> Ok
2020-02-24 15:18:28,387 - mylib.code_logging - DEBUG - > RCPT TO:<www.676075225@qq.com>
2020-02-24 15:18:28,466 - mylib.code_logging - DEBUG - < 250 Recipient <www.676075225@qq.com> Ok
2020-02-24 15:18:28,466 - mylib.code_logging - DEBUG - > RCPT TO:<454329982@qq.com>
2020-02-24 15:18:28,545 - mylib.code_logging - DEBUG - < 250 Recipient <454329982@qq.com> Ok
2020-02-24 15:18:28,545 - mylib.code_logging - DEBUG - > RCPT TO:<1450539222@qq.com>
2020-02-24 15:18:28,924 - mylib.code_logging - DEBUG - < 250 Recipient <1450539222@qq.com> Ok
2020-02-24 15:18:28,925 - mylib.code_logging - DEBUG - > RCPT TO:<845086808@qq.com>
2020-02-24 15:18:29,004 - mylib.code_logging - DEBUG - < 250 Recipient <845086808@qq.com> Ok
2020-02-24 15:18:29,004 - mylib.code_logging - DEBUG - > RCPT TO:<914081010@qq.com>
2020-02-24 15:18:29,384 - mylib.code_logging - DEBUG - < 250 Recipient <914081010@qq.com> Ok
2020-02-24 15:18:29,384 - mylib.code_logging - DEBUG - > DATA
2020-02-24 15:18:30,061 - mylib.code_logging - DEBUG - < 354 Ok Send data ending with <CRLF>.<CRLF>
2020-02-24 15:18:30,061 - mylib.code_logging - DEBUG - > Send Content Data: ........
2020-02-24 15:18:32,376 - mylib.code_logging - DEBUG - < 250  25791 bytes received: 481967981 (ef5c9f9cba1b400db0e616df1398bed2-20200224)

2020-02-24 15:18:32,396 - mylib.code_logging - DEBUG - > MAIL FROM:<china@jshongze.com>
2020-02-24 15:18:32,473 - mylib.code_logging - DEBUG - < 250 Sender <china@jshongze.com> Ok
2020-02-24 15:18:32,473 - mylib.code_logging - DEBUG - > RCPT TO:<2420379623@qq.com>
2020-02-24 15:18:32,854 - mylib.code_logging - DEBUG - < 250 Recipient <2420379623@qq.com> Ok
2020-02-24 15:18:32,854 - mylib.code_logging - DEBUG - > RCPT TO:<770913825@qq.com>
2020-02-24 15:18:32,933 - mylib.code_logging - DEBUG - < 250 Recipient <770913825@qq.com> Ok
2020-02-24 15:18:32,933 - mylib.code_logging - DEBUG - > RCPT TO:<18342312213@139.com>
2020-02-24 15:18:33,012 - mylib.code_logging - DEBUG - < 250 Recipient <18342312213@139.com> Ok
2020-02-24 15:18:33,012 - mylib.code_logging - DEBUG - > RCPT TO:<279107177@qq.com>
2020-02-24 15:18:33,090 - mylib.code_logging - DEBUG - < 250 Recipient <279107177@qq.com> Ok
2020-02-24 15:18:33,091 - mylib.code_logging - DEBUG - > RCPT TO:<2909629798@qq.com>
2020-02-24 15:18:33,169 - mylib.code_logging - DEBUG - < 250 Recipient <2909629798@qq.com> Ok
2020-02-24 15:18:33,169 - mylib.code_logging - DEBUG - > RCPT TO:<1073947773@qq.com>
2020-02-24 15:18:33,248 - mylib.code_logging - DEBUG - < 250 Recipient <1073947773@qq.com> Ok
2020-02-24 15:18:33,248 - mylib.code_logging - DEBUG - > RCPT TO:<396438091@qq.com>
2020-02-24 15:18:33,326 - mylib.code_logging - DEBUG - < 250 Recipient <396438091@qq.com> Ok
2020-02-24 15:18:33,326 - mylib.code_logging - DEBUG - > RCPT TO:<865696374@qq.com>
2020-02-24 15:18:33,405 - mylib.code_logging - DEBUG - < 250 Recipient <865696374@qq.com> Ok
2020-02-24 15:18:33,405 - mylib.code_logging - DEBUG - > RCPT TO:<447039310@qq.com>
2020-02-24 15:18:33,784 - mylib.code_logging - DEBUG - < 250 Recipient <447039310@qq.com> Ok
2020-02-24 15:18:33,784 - mylib.code_logging - DEBUG - > RCPT TO:<2339665929@qq.com>
2020-02-24 15:18:33,862 - mylib.code_logging - DEBUG - < 250 Recipient <2339665929@qq.com> Ok
2020-02-24 15:18:33,863 - mylib.code_logging - DEBUG - > RCPT TO:<1035303660@qq.com>
2020-02-24 15:18:33,941 - mylib.code_logging - DEBUG - < 250 Recipient <1035303660@qq.com> Ok
2020-02-24 15:18:33,941 - mylib.code_logging - DEBUG - > RCPT TO:<349235321@qq.com>
2020-02-24 15:18:34,020 - mylib.code_logging - DEBUG - < 250 Recipient <349235321@qq.com> Ok
2020-02-24 15:18:34,020 - mylib.code_logging - DEBUG - > RCPT TO:<453902436@qq.com>
2020-02-24 15:18:34,099 - mylib.code_logging - DEBUG - < 250 Recipient <453902436@qq.com> Ok
2020-02-24 15:18:34,099 - mylib.code_logging - DEBUG - > RCPT TO:<43860676@qq.com>
2020-02-24 15:18:34,178 - mylib.code_logging - DEBUG - < 250 Recipient <43860676@qq.com> Ok
2020-02-24 15:18:34,178 - mylib.code_logging - DEBUG - > RCPT TO:<2071445629@qq.com>
2020-02-24 15:18:34,257 - mylib.code_logging - DEBUG - < 250 Recipient <2071445629@qq.com> Ok
2020-02-24 15:18:34,257 - mylib.code_logging - DEBUG - > RCPT TO:<3420641920@qq.com>
2020-02-24 15:18:34,639 - mylib.code_logging - DEBUG - < 250 Recipient <3420641920@qq.com> Ok
2020-02-24 15:18:34,639 - mylib.code_logging - DEBUG - > RCPT TO:<13219680444@163.com>
2020-02-24 15:18:34,718 - mylib.code_logging - DEBUG - < 250 Recipient <13219680444@163.com> Ok
2020-02-24 15:18:34,719 - mylib.code_logging - DEBUG - > RCPT TO:<79399053@qq.com>
2020-02-24 15:18:34,798 - mylib.code_logging - DEBUG - < 250 Recipient <79399053@qq.com> Ok
2020-02-24 15:18:34,798 - mylib.code_logging - DEBUG - > RCPT TO:<309573277@qq.com>
2020-02-24 15:18:34,876 - mylib.code_logging - DEBUG - < 250 Recipient <309573277@qq.com> Ok
2020-02-24 15:18:34,876 - mylib.code_logging - DEBUG - > RCPT TO:<babyfa_@outlook.com>
2020-02-24 15:18:35,255 - mylib.code_logging - DEBUG - < 250 Recipient <babyfa_@outlook.com> Ok
2020-02-24 15:18:35,255 - mylib.code_logging - DEBUG - > RCPT TO:<714782442@qq.com>
2020-02-24 15:18:35,334 - mylib.code_logging - DEBUG - < 250 Recipient <714782442@qq.com> Ok
2020-02-24 15:18:35,334 - mylib.code_logging - DEBUG - > RCPT TO:<fanlin5105@163.com>
2020-02-24 15:18:35,412 - mylib.code_logging - DEBUG - < 250 Recipient <fanlin5105@163.com> Ok
2020-02-24 15:18:35,412 - mylib.code_logging - DEBUG - > RCPT TO:<16841684@qq.com>
2020-02-24 15:18:35,492 - mylib.code_logging - DEBUG - < 250 Recipient <16841684@qq.com> Ok
2020-02-24 15:18:35,492 - mylib.code_logging - DEBUG - > RCPT TO:<2069644921@gmail.com>
2020-02-24 15:18:35,572 - mylib.code_logging - DEBUG - < 250 Recipient <2069644921@gmail.com> Ok
2020-02-24 15:18:35,572 - mylib.code_logging - DEBUG - > RCPT TO:<784934560@qq.com>
2020-02-24 15:18:35,651 - mylib.code_logging - DEBUG - < 250 Recipient <784934560@qq.com> Ok
2020-02-24 15:18:35,651 - mylib.code_logging - DEBUG - > RCPT TO:<228892812@qq.com>
2020-02-24 15:18:35,730 - mylib.code_logging - DEBUG - < 250 Recipient <228892812@qq.com> Ok
2020-02-24 15:18:35,730 - mylib.code_logging - DEBUG - > RCPT TO:<gmf3636@163.com>
2020-02-24 15:18:35,809 - mylib.code_logging - DEBUG - < 250 Recipient <gmf3636@163.com> Ok
2020-02-24 15:18:35,809 - mylib.code_logging - DEBUG - > RCPT TO:<144567@qq.com>
2020-02-24 15:18:35,887 - mylib.code_logging - DEBUG - < 250 Recipient <144567@qq.com> Ok
2020-02-24 15:18:35,888 - mylib.code_logging - DEBUG - > RCPT TO:<328771306@qq.com>
2020-02-24 15:18:35,966 - mylib.code_logging - DEBUG - < 250 Recipient <328771306@qq.com> Ok
2020-02-24 15:18:35,966 - mylib.code_logging - DEBUG - > RCPT TO:<1772723812@qq.com>
2020-02-24 15:18:36,044 - mylib.code_logging - DEBUG - < 250 Recipient <1772723812@qq.com> Ok
2020-02-24 15:18:36,045 - mylib.code_logging - DEBUG - > RCPT TO:<545113373@qq.com>
2020-02-24 15:18:36,123 - mylib.code_logging - DEBUG - < 250 Recipient <545113373@qq.com> Ok
2020-02-24 15:18:36,123 - mylib.code_logging - DEBUG - > RCPT TO:<2845053487@qq.com>
2020-02-24 15:18:36,503 - mylib.code_logging - DEBUG - < 250 Recipient <2845053487@qq.com> Ok
2020-02-24 15:18:36,503 - mylib.code_logging - DEBUG - > RCPT TO:<207233214@qq.com>
2020-02-24 15:18:36,583 - mylib.code_logging - DEBUG - < 250 Recipient <207233214@qq.com> Ok
2020-02-24 15:18:36,583 - mylib.code_logging - DEBUG - > RCPT TO:<1046574666@qq.com>
2020-02-24 15:18:36,662 - mylib.code_logging - DEBUG - < 250 Recipient <1046574666@qq.com> Ok
2020-02-24 15:18:36,662 - mylib.code_logging - DEBUG - > RCPT TO:<835155949@qq.com>
2020-02-24 15:18:36,740 - mylib.code_logging - DEBUG - < 250 Recipient <835155949@qq.com> Ok
2020-02-24 15:18:36,741 - mylib.code_logging - DEBUG - > RCPT TO:<470633974@qq.com>
2020-02-24 15:18:38,020 - mylib.code_logging - DEBUG - < 250 Recipient <470633974@qq.com> Ok
2020-02-24 15:18:38,020 - mylib.code_logging - DEBUG - > RCPT TO:<396059249@qq.com>
2020-02-24 15:18:38,099 - mylib.code_logging - DEBUG - < 250 Recipient <396059249@qq.com> Ok
2020-02-24 15:18:38,099 - mylib.code_logging - DEBUG - > RCPT TO:<807794383@qq.com>
2020-02-24 15:18:38,178 - mylib.code_logging - DEBUG - < 250 Recipient <807794383@qq.com> Ok
2020-02-24 15:18:38,179 - mylib.code_logging - DEBUG - > RCPT TO:<210437858@qq.com>
2020-02-24 15:18:38,260 - mylib.code_logging - DEBUG - < 250 Recipient <210437858@qq.com> Ok
2020-02-24 15:18:38,260 - mylib.code_logging - DEBUG - > RCPT TO:<480703146@qq.com>
2020-02-24 15:18:38,339 - mylib.code_logging - DEBUG - < 250 Recipient <480703146@qq.com> Ok
2020-02-24 15:18:38,339 - mylib.code_logging - DEBUG - > RCPT TO:<95615385@qq.com>
2020-02-24 15:18:38,718 - mylib.code_logging - DEBUG - < 250 Recipient <95615385@qq.com> Ok
2020-02-24 15:18:38,719 - mylib.code_logging - DEBUG - > RCPT TO:<gengli_99@163.com>
2020-02-24 15:18:38,797 - mylib.code_logging - DEBUG - < 250 Recipient <gengli_99@163.com> Ok
2020-02-24 15:18:38,797 - mylib.code_logging - DEBUG - > RCPT TO:<2104413184@qq.com>
2020-02-24 15:18:38,875 - mylib.code_logging - DEBUG - < 250 Recipient <2104413184@qq.com> Ok
2020-02-24 15:18:38,876 - mylib.code_logging - DEBUG - > RCPT TO:<3563674516@qq.com>
2020-02-24 15:18:38,954 - mylib.code_logging - DEBUG - < 250 Recipient <3563674516@qq.com> Ok
2020-02-24 15:18:38,954 - mylib.code_logging - DEBUG - > RCPT TO:<15841466888@139.com>
2020-02-24 15:18:39,032 - mylib.code_logging - DEBUG - < 250 Recipient <15841466888@139.com> Ok
2020-02-24 15:18:39,032 - mylib.code_logging - DEBUG - > RCPT TO:<www.544859947@qq.com>
2020-02-24 15:18:39,111 - mylib.code_logging - DEBUG - < 250 Recipient <www.544859947@qq.com> Ok
2020-02-24 15:18:39,111 - mylib.code_logging - DEBUG - > RCPT TO:<1437043713@qq.com>
2020-02-24 15:18:39,191 - mylib.code_logging - DEBUG - < 250 Recipient <1437043713@qq.com> Ok
2020-02-24 15:18:39,191 - mylib.code_logging - DEBUG - > RCPT TO:<3072175208@qq.com>
2020-02-24 15:18:39,270 - mylib.code_logging - DEBUG - < 250 Recipient <3072175208@qq.com> Ok
2020-02-24 15:18:39,270 - mylib.code_logging - DEBUG - > RCPT TO:<chenglingas@foxmail.com>
2020-02-24 15:18:39,348 - mylib.code_logging - DEBUG - < 250 Recipient <chenglingas@foxmail.com> Ok
2020-02-24 15:18:39,349 - mylib.code_logging - DEBUG - > RCPT TO:<914081010@qq.com>
2020-02-24 15:18:39,428 - mylib.code_logging - DEBUG - < 250 Recipient <914081010@qq.com> Ok
2020-02-24 15:18:39,428 - mylib.code_logging - DEBUG - > DATA
2020-02-24 15:18:39,506 - mylib.code_logging - DEBUG - < 354 Ok Send data ending with <CRLF>.<CRLF>
2020-02-24 15:18:39,506 - mylib.code_logging - DEBUG - > Send Content Data: ........
2020-02-24 15:18:41,200 - mylib.code_logging - DEBUG - < 250  27290 bytes received: 6364874 (95eac2b5d07d4688a87187596e938970-20200224)

2020-02-24 15:18:41,221 - mylib.code_logging - DEBUG - > MAIL FROM:<china@jshongze.com>
2020-02-24 15:18:41,310 - mylib.code_logging - DEBUG - < 250 Sender <china@jshongze.com> Ok
2020-02-24 15:18:41,310 - mylib.code_logging - DEBUG - > RCPT TO:<281130918@qq.com>
2020-02-24 15:18:41,989 - mylib.code_logging - DEBUG - < 250 Recipient <281130918@qq.com> Ok
2020-02-24 15:18:41,989 - mylib.code_logging - DEBUG - > RCPT TO:<2644165815@qq.com>
2020-02-24 15:18:42,067 - mylib.code_logging - DEBUG - < 250 Recipient <2644165815@qq.com> Ok
2020-02-24 15:18:42,068 - mylib.code_logging - DEBUG - > RCPT TO:<512788373@qq.com>
2020-02-24 15:18:42,146 - mylib.code_logging - DEBUG - < 250 Recipient <512788373@qq.com> Ok
2020-02-24 15:18:42,146 - mylib.code_logging - DEBUG - > RCPT TO:<1079569889@qq.com>
2020-02-24 15:18:42,225 - mylib.code_logging - DEBUG - < 250 Recipient <1079569889@qq.com> Ok
2020-02-24 15:18:42,225 - mylib.code_logging - DEBUG - > RCPT TO:<1846832403@qq.com>
2020-02-24 15:18:42,309 - mylib.code_logging - DEBUG - < 250 Recipient <1846832403@qq.com> Ok
2020-02-24 15:18:42,309 - mylib.code_logging - DEBUG - > RCPT TO:<qq1015195395@outlook.com>
2020-02-24 15:18:42,387 - mylib.code_logging - DEBUG - < 250 Recipient <qq1015195395@outlook.com> Ok
2020-02-24 15:18:42,387 - mylib.code_logging - DEBUG - > RCPT TO:<2914891197@qq.com>
2020-02-24 15:18:42,466 - mylib.code_logging - DEBUG - < 250 Recipient <2914891197@qq.com> Ok
2020-02-24 15:18:42,466 - mylib.code_logging - DEBUG - > RCPT TO:<435557373@QQ.COM>
2020-02-24 15:18:43,147 - mylib.code_logging - DEBUG - < 250 Recipient <435557373@qq.com> Ok
2020-02-24 15:18:43,147 - mylib.code_logging - DEBUG - > RCPT TO:<18382909015@qq.com>
2020-02-24 15:18:43,225 - mylib.code_logging - DEBUG - < 250 Recipient <18382909015@qq.com> Ok
2020-02-24 15:18:43,225 - mylib.code_logging - DEBUG - > RCPT TO:<3517545077@qq.com>
2020-02-24 15:18:43,303 - mylib.code_logging - DEBUG - < 250 Recipient <3517545077@qq.com> Ok
2020-02-24 15:18:43,304 - mylib.code_logging - DEBUG - > RCPT TO:<3457714983@qq.com>
2020-02-24 15:18:43,684 - mylib.code_logging - DEBUG - < 250 Recipient <3457714983@qq.com> Ok
2020-02-24 15:18:43,684 - mylib.code_logging - DEBUG - > RCPT TO:<18117901837@qq.com>
2020-02-24 15:18:43,765 - mylib.code_logging - DEBUG - < 250 Recipient <18117901837@qq.com> Ok
2020-02-24 15:18:43,766 - mylib.code_logging - DEBUG - > RCPT TO:<bo603042624@qq.com>
2020-02-24 15:18:43,845 - mylib.code_logging - DEBUG - < 250 Recipient <bo603042624@qq.com> Ok
2020-02-24 15:18:43,845 - mylib.code_logging - DEBUG - > RCPT TO:<avfutz@sina.com>
2020-02-24 15:18:43,923 - mylib.code_logging - DEBUG - < 250 Recipient <avfutz@sina.com> Ok
2020-02-24 15:18:43,924 - mylib.code_logging - DEBUG - > RCPT TO:<www8885906@163.com>
2020-02-24 15:18:44,002 - mylib.code_logging - DEBUG - < 250 Recipient <www8885906@163.com> Ok
2020-02-24 15:18:44,002 - mylib.code_logging - DEBUG - > RCPT TO:<13152603273@139.com>
2020-02-24 15:18:44,080 - mylib.code_logging - DEBUG - < 250 Recipient <13152603273@139.com> Ok
2020-02-24 15:18:44,081 - mylib.code_logging - DEBUG - > RCPT TO:<15197996362@139.com>
2020-02-24 15:18:44,161 - mylib.code_logging - DEBUG - < 250 Recipient <15197996362@139.com> Ok
2020-02-24 15:18:44,161 - mylib.code_logging - DEBUG - > RCPT TO:<371936693@qq.com>
2020-02-24 15:18:44,240 - mylib.code_logging - DEBUG - < 250 Recipient <371936693@qq.com> Ok
2020-02-24 15:18:44,240 - mylib.code_logging - DEBUG - > RCPT TO:<zhaosan19950516@126.com>
2020-02-24 15:18:44,318 - mylib.code_logging - DEBUG - < 250 Recipient <zhaosan19950516@126.com> Ok
2020-02-24 15:18:44,319 - mylib.code_logging - DEBUG - > RCPT TO:<272753563@qq.com>
2020-02-24 15:18:44,397 - mylib.code_logging - DEBUG - < 250 Recipient <272753563@qq.com> Ok
2020-02-24 15:18:44,397 - mylib.code_logging - DEBUG - > RCPT TO:<1990585947@qq.com>
2020-02-24 15:18:44,476 - mylib.code_logging - DEBUG - < 250 Recipient <1990585947@qq.com> Ok
2020-02-24 15:18:44,476 - mylib.code_logging - DEBUG - > RCPT TO:<3203029364@qq.com>
2020-02-24 15:18:44,554 - mylib.code_logging - DEBUG - < 250 Recipient <3203029364@qq.com> Ok
2020-02-24 15:18:44,555 - mylib.code_logging - DEBUG - > RCPT TO:<2365001940@qq.com>
2020-02-24 15:18:45,834 - mylib.code_logging - DEBUG - < 250 Recipient <2365001940@qq.com> Ok
2020-02-24 15:18:45,834 - mylib.code_logging - DEBUG - > RCPT TO:<77396842@qq.com>
2020-02-24 15:18:45,913 - mylib.code_logging - DEBUG - < 250 Recipient <77396842@qq.com> Ok
2020-02-24 15:18:45,913 - mylib.code_logging - DEBUG - > RCPT TO:<1286713776@qq.com>
2020-02-24 15:18:45,991 - mylib.code_logging - DEBUG - < 250 Recipient <1286713776@qq.com> Ok
2020-02-24 15:18:45,991 - mylib.code_logging - DEBUG - > RCPT TO:<2923183019@qq.com>
2020-02-24 15:18:46,070 - mylib.code_logging - DEBUG - < 250 Recipient <2923183019@qq.com> Ok
2020-02-24 15:18:46,070 - mylib.code_logging - DEBUG - > RCPT TO:<632115134@qq.com>
2020-02-24 15:18:46,450 - mylib.code_logging - DEBUG - < 250 Recipient <632115134@qq.com> Ok
2020-02-24 15:18:46,450 - mylib.code_logging - DEBUG - > RCPT TO:<287623698@qq.com>
2020-02-24 15:18:46,529 - mylib.code_logging - DEBUG - < 250 Recipient <287623698@qq.com> Ok
2020-02-24 15:18:46,529 - mylib.code_logging - DEBUG - > RCPT TO:<15058128258@163.com>
2020-02-24 15:18:46,908 - mylib.code_logging - DEBUG - < 250 Recipient <15058128258@163.com> Ok
2020-02-24 15:18:46,909 - mylib.code_logging - DEBUG - > RCPT TO:<869482085@qq.com>
2020-02-24 15:18:46,991 - mylib.code_logging - DEBUG - < 250 Recipient <869482085@qq.com> Ok
2020-02-24 15:18:46,991 - mylib.code_logging - DEBUG - > RCPT TO:<lili927616099@qq.com>
2020-02-24 15:18:47,369 - mylib.code_logging - DEBUG - < 250 Recipient <lili927616099@qq.com> Ok
2020-02-24 15:18:47,369 - mylib.code_logging - DEBUG - > RCPT TO:<6538292@qq.com>
2020-02-24 15:18:47,448 - mylib.code_logging - DEBUG - < 250 Recipient <6538292@qq.com> Ok
2020-02-24 15:18:47,448 - mylib.code_logging - DEBUG - > RCPT TO:<2045017406@qq.com>
2020-02-24 15:18:47,832 - mylib.code_logging - DEBUG - < 250 Recipient <2045017406@qq.com> Ok
2020-02-24 15:18:47,832 - mylib.code_logging - DEBUG - > RCPT TO:<1243375029@qq.com>
2020-02-24 15:18:48,218 - mylib.code_logging - DEBUG - < 250 Recipient <1243375029@qq.com> Ok
2020-02-24 15:18:48,218 - mylib.code_logging - DEBUG - > RCPT TO:<409112773@qq.com>
2020-02-24 15:18:48,597 - mylib.code_logging - DEBUG - < 250 Recipient <409112773@qq.com> Ok
2020-02-24 15:18:48,597 - mylib.code_logging - DEBUG - > RCPT TO:<1977965310@qq.com>
2020-02-24 15:18:48,675 - mylib.code_logging - DEBUG - < 250 Recipient <1977965310@qq.com> Ok
2020-02-24 15:18:48,676 - mylib.code_logging - DEBUG - > RCPT TO:<2092069901@qq.com>
2020-02-24 15:18:48,754 - mylib.code_logging - DEBUG - < 250 Recipient <2092069901@qq.com> Ok
2020-02-24 15:18:48,754 - mylib.code_logging - DEBUG - > RCPT TO:<785240476@qq.com>
2020-02-24 15:18:49,133 - mylib.code_logging - DEBUG - < 250 Recipient <785240476@qq.com> Ok
2020-02-24 15:18:49,134 - mylib.code_logging - DEBUG - > RCPT TO:<863293647@qq.com>
2020-02-24 15:18:49,212 - mylib.code_logging - DEBUG - < 250 Recipient <863293647@qq.com> Ok
2020-02-24 15:18:49,212 - mylib.code_logging - DEBUG - > RCPT TO:<1376992910@qq.com>
2020-02-24 15:18:49,592 - mylib.code_logging - DEBUG - < 250 Recipient <1376992910@qq.com> Ok
2020-02-24 15:18:49,592 - mylib.code_logging - DEBUG - > RCPT TO:<1607162757@qq.com>
2020-02-24 15:18:49,670 - mylib.code_logging - DEBUG - < 250 Recipient <1607162757@qq.com> Ok
2020-02-24 15:18:49,670 - mylib.code_logging - DEBUG - > RCPT TO:<zh2806891378@qq.com>
2020-02-24 15:18:49,749 - mylib.code_logging - DEBUG - < 250 Recipient <zh2806891378@qq.com> Ok
2020-02-24 15:18:49,749 - mylib.code_logging - DEBUG - > RCPT TO:<22844122@qq.com>
2020-02-24 15:18:49,828 - mylib.code_logging - DEBUG - < 250 Recipient <22844122@qq.com> Ok
2020-02-24 15:18:49,828 - mylib.code_logging - DEBUG - > RCPT TO:<18613288798@qq.com>
2020-02-24 15:18:49,906 - mylib.code_logging - DEBUG - < 250 Recipient <18613288798@qq.com> Ok
2020-02-24 15:18:49,906 - mylib.code_logging - DEBUG - > RCPT TO:<3014759064@qq.com>
2020-02-24 15:18:50,286 - mylib.code_logging - DEBUG - < 250 Recipient <3014759064@qq.com> Ok
2020-02-24 15:18:50,287 - mylib.code_logging - DEBUG - > RCPT TO:<16060321@qq.com>
2020-02-24 15:18:50,667 - mylib.code_logging - DEBUG - < 250 Recipient <16060321@qq.com> Ok
2020-02-24 15:18:50,667 - mylib.code_logging - DEBUG - > RCPT TO:<mengjunlin1314520@qq.com>
2020-02-24 15:18:50,749 - mylib.code_logging - DEBUG - < 250 Recipient <mengjunlin1314520@qq.com> Ok
2020-02-24 15:18:50,749 - mylib.code_logging - DEBUG - > RCPT TO:<2941971741@qq.com>
2020-02-24 15:18:51,428 - mylib.code_logging - DEBUG - < 250 Recipient <2941971741@qq.com> Ok
2020-02-24 15:18:51,429 - mylib.code_logging - DEBUG - > RCPT TO:<13157672545@wo.cn>
2020-02-24 15:18:51,507 - mylib.code_logging - DEBUG - < 250 Recipient <13157672545@wo.cn> Ok
2020-02-24 15:18:51,508 - mylib.code_logging - DEBUG - > RCPT TO:<914081010@qq.com>
2020-02-24 15:18:51,586 - mylib.code_logging - DEBUG - < 250 Recipient <914081010@qq.com> Ok
2020-02-24 15:18:51,586 - mylib.code_logging - DEBUG - > DATA
2020-02-24 15:18:51,664 - mylib.code_logging - DEBUG - < 354 Ok Send data ending with <CRLF>.<CRLF>
2020-02-24 15:18:51,664 - mylib.code_logging - DEBUG - > Send Content Data: ........
2020-02-24 15:19:28,503 - mylib.code_logging - DEBUG - < 250  28837 bytes received: 1887352276 (69f620e915cf4ee7b85774d3d4071f8a-20200224)

2020-02-24 15:19:28,523 - mylib.code_logging - DEBUG - > MAIL FROM:<china@jshongze.com>
2020-02-24 15:19:28,601 - mylib.code_logging - DEBUG - < 250 Sender <china@jshongze.com> Ok
2020-02-24 15:19:28,601 - mylib.code_logging - DEBUG - > RCPT TO:<309710735@qq.cpm>
2020-02-24 15:19:28,680 - mylib.code_logging - DEBUG - < 250 Recipient <309710735@qq.cpm> Ok
2020-02-24 15:19:28,680 - mylib.code_logging - DEBUG - > RCPT TO:<178138212@qq.com>
2020-02-24 15:19:28,758 - mylib.code_logging - DEBUG - < 250 Recipient <178138212@qq.com> Ok
2020-02-24 15:19:28,759 - mylib.code_logging - DEBUG - > RCPT TO:<369056851@qq.com>
2020-02-24 15:19:28,837 - mylib.code_logging - DEBUG - < 250 Recipient <369056851@qq.com> Ok
2020-02-24 15:19:28,837 - mylib.code_logging - DEBUG - > RCPT TO:<1209181852@qq.com>
2020-02-24 15:19:31,666 - mylib.code_logging - DEBUG - < 250 Recipient <1209181852@qq.com> Ok
2020-02-24 15:19:31,666 - mylib.code_logging - DEBUG - > RCPT TO:<1319091929@qq.com>
2020-02-24 15:19:31,745 - mylib.code_logging - DEBUG - < 250 Recipient <1319091929@qq.com> Ok
2020-02-24 15:19:31,745 - mylib.code_logging - DEBUG - > RCPT TO:<892320009@qq.com>
2020-02-24 15:19:31,823 - mylib.code_logging - DEBUG - < 250 Recipient <892320009@qq.com> Ok
2020-02-24 15:19:31,823 - mylib.code_logging - DEBUG - > RCPT TO:<739197887@qq.com>
2020-02-24 15:19:45,133 - mylib.code_logging - DEBUG - < 250 Recipient <739197887@qq.com> Ok
2020-02-24 15:19:45,133 - mylib.code_logging - DEBUG - > RCPT TO:<824315299@qq.com>
2020-02-24 15:19:45,211 - mylib.code_logging - DEBUG - < 250 Recipient <824315299@qq.com> Ok
2020-02-24 15:19:45,211 - mylib.code_logging - DEBUG - > RCPT TO:<2700080802@qq.com>
2020-02-24 15:19:47,236 - mylib.code_logging - DEBUG - < 250 Recipient <2700080802@qq.com> Ok
2020-02-24 15:19:47,236 - mylib.code_logging - DEBUG - > RCPT TO:<3055355263@qq.com>
2020-02-24 15:19:47,314 - mylib.code_logging - DEBUG - < 250 Recipient <3055355263@qq.com> Ok
2020-02-24 15:19:47,315 - mylib.code_logging - DEBUG - > RCPT TO:<396891@qq.com>
2020-02-24 15:19:47,393 - mylib.code_logging - DEBUG - < 250 Recipient <396891@qq.com> Ok
2020-02-24 15:19:47,393 - mylib.code_logging - DEBUG - > RCPT TO:<1103616452@qq.com>
2020-02-24 15:19:49,035 - mylib.code_logging - DEBUG - < 250 Recipient <1103616452@qq.com> Ok
2020-02-24 15:19:49,035 - mylib.code_logging - DEBUG - > RCPT TO:<1418578211@qq.com>
2020-02-24 15:19:49,114 - mylib.code_logging - DEBUG - < 250 Recipient <1418578211@qq.com> Ok
2020-02-24 15:19:49,114 - mylib.code_logging - DEBUG - > RCPT TO:<517117436@qq.com>
2020-02-24 15:19:49,192 - mylib.code_logging - DEBUG - < 250 Recipient <517117436@qq.com> Ok
2020-02-24 15:19:49,192 - mylib.code_logging - DEBUG - > RCPT TO:<130143848@qq.com>
2020-02-24 15:19:49,270 - mylib.code_logging - DEBUG - < 250 Recipient <130143848@qq.com> Ok
2020-02-24 15:19:49,271 - mylib.code_logging - DEBUG - > RCPT TO:<13778232457@qq.com>
2020-02-24 15:19:49,350 - mylib.code_logging - DEBUG - < 250 Recipient <13778232457@qq.com> Ok
2020-02-24 15:19:49,350 - mylib.code_logging - DEBUG - > RCPT TO:<1078436127@qq.com>
2020-02-24 15:19:50,475 - mylib.code_logging - DEBUG - < 250 Recipient <1078436127@qq.com> Ok
2020-02-24 15:19:50,475 - mylib.code_logging - DEBUG - > RCPT TO:<13406431110@gmail.COM>
2020-02-24 15:19:50,554 - mylib.code_logging - DEBUG - < 250 Recipient <13406431110@gmail.com> Ok
2020-02-24 15:19:50,554 - mylib.code_logging - DEBUG - > RCPT TO:<1376126367@qq.com>
2020-02-24 15:20:03,316 - mylib.code_logging - DEBUG - < 250 Recipient <1376126367@qq.com> Ok
2020-02-24 15:20:03,316 - mylib.code_logging - DEBUG - > RCPT TO:<1411443589@qq.com>
2020-02-24 15:20:31,655 - mylib.code_logging - DEBUG - < 250 Recipient <1411443589@qq.com> Ok
2020-02-24 15:20:31,655 - mylib.code_logging - DEBUG - > RCPT TO:<2539959683@qq.com>
2020-02-24 15:20:31,735 - mylib.code_logging - DEBUG - < 250 Recipient <2539959683@qq.com> Ok
2020-02-24 15:20:31,735 - mylib.code_logging - DEBUG - > RCPT TO:<100555203@qq.com>
2020-02-24 15:20:31,813 - mylib.code_logging - DEBUG - < 250 Recipient <100555203@qq.com> Ok
2020-02-24 15:20:31,813 - mylib.code_logging - DEBUG - > RCPT TO:<1023553266@qq.com>
2020-02-24 15:20:35,741 - mylib.code_logging - DEBUG - < 250 Recipient <1023553266@qq.com> Ok
2020-02-24 15:20:35,741 - mylib.code_logging - DEBUG - > RCPT TO:<1085925707@qq.com>
2020-02-24 15:20:35,820 - mylib.code_logging - DEBUG - < 250 Recipient <1085925707@qq.com> Ok
2020-02-24 15:20:35,820 - mylib.code_logging - DEBUG - > RCPT TO:<1303726684@qq.com>
2020-02-24 15:20:35,898 - mylib.code_logging - DEBUG - < 250 Recipient <1303726684@qq.com> Ok
2020-02-24 15:20:35,899 - mylib.code_logging - DEBUG - > RCPT TO:<1434423580@qq.com>
2020-02-24 15:20:39,034 - mylib.code_logging - DEBUG - < 250 Recipient <1434423580@qq.com> Ok
2020-02-24 15:20:39,035 - mylib.code_logging - DEBUG - > RCPT TO:<583738815@qq.com>
2020-02-24 16:26:17,367 - mylib.code_logging - DEBUG - > Connect: smtp.global-mail.cn
2020-02-24 16:26:18,988 - mylib.code_logging - DEBUG - < 220 ESMTP ready
2020-02-24 16:26:18,988 - mylib.code_logging - DEBUG - > HELO global-mail.cn
2020-02-24 16:26:19,054 - mylib.code_logging - DEBUG - < 250 ESMTP
2020-02-24 16:26:19,054 - mylib.code_logging - DEBUG - > EHLO global-mail.cn
2020-02-24 16:26:19,119 - mylib.code_logging - DEBUG - < 250-ESMTP
2020-02-24 16:26:19,119 - mylib.code_logging - DEBUG - < 250-AUTH PLAIN LOGIN
2020-02-24 16:26:19,120 - mylib.code_logging - DEBUG - < 250-SIZE
2020-02-24 16:26:19,120 - mylib.code_logging - DEBUG - < 250-8BITMIME
2020-02-24 16:26:19,120 - mylib.code_logging - DEBUG - < 250-STARTTLS
2020-02-24 16:26:19,120 - mylib.code_logging - DEBUG - < 250 OK
2020-02-24 16:26:19,120 - mylib.code_logging - DEBUG - > RANDOM ACCOUNT username:sales3@jshongze.com password:pyri10%ec
2020-02-24 16:26:19,120 - mylib.code_logging - DEBUG - > AUTH LOGIN c2FsZXMzQGpzaG9uZ3plLmNvbQ==
2020-02-24 16:26:19,481 - mylib.code_logging - DEBUG - < 334 UGFzc3dvcmQ6
2020-02-24 16:26:19,481 - mylib.code_logging - DEBUG - > cHlyaTEwJWVj
2020-02-24 16:26:19,592 - mylib.code_logging - DEBUG - < 235 Authentication successful
2020-02-24 16:26:19,592 - mylib.code_logging - DEBUG - > HELO global-mail.cn
2020-02-24 16:26:19,657 - mylib.code_logging - DEBUG - < 250 ESMTP
2020-02-24 16:26:19,658 - mylib.code_logging - DEBUG - > EHLO global-mail.cn
2020-02-24 16:26:19,723 - mylib.code_logging - DEBUG - < 250-ESMTP
2020-02-24 16:26:19,723 - mylib.code_logging - DEBUG - < 250-AUTH PLAIN LOGIN
2020-02-24 16:26:19,723 - mylib.code_logging - DEBUG - < 250-SIZE
2020-02-24 16:26:19,723 - mylib.code_logging - DEBUG - < 250-8BITMIME
2020-02-24 16:26:19,723 - mylib.code_logging - DEBUG - < 250-STARTTLS
2020-02-24 16:26:19,723 - mylib.code_logging - DEBUG - < 250 OK
2020-02-24 16:26:19,723 - mylib.code_logging - DEBUG - > RANDOM ACCOUNT username:sales3@jshongze.com password:pyri10%ec
2020-02-24 16:26:19,723 - mylib.code_logging - DEBUG - > AUTH LOGIN c2FsZXMzQGpzaG9uZ3plLmNvbQ==
2020-02-24 16:26:19,814 - mylib.code_logging - DEBUG - < 503 Already issued AUTH
2020-02-24 16:26:19,814 - mylib.code_logging - DEBUG - > cHlyaTEwJWVj
2020-02-24 16:26:19,920 - mylib.code_logging - DEBUG - < 500 Command unknown
2020-02-24 16:26:19,973 - mylib.code_logging - DEBUG - > MAIL FROM:<sales6@jshongze.com>
2020-02-24 16:26:21,242 - mylib.code_logging - DEBUG - < 501 Username and sender address mismatched
2020-02-24 16:26:21,242 - mylib.code_logging - DEBUG - > RCPT TO:<2697666711@qq.com>
2020-02-24 16:26:21,307 - mylib.code_logging - DEBUG - < 503 Bad sequence of commands (specify MAIL first)
2020-02-24 16:26:21,307 - mylib.code_logging - DEBUG - > RCPT TO:<549086748@qq.com>
2020-02-24 16:26:21,373 - mylib.code_logging - DEBUG - < 503 Bad sequence of commands (specify MAIL first)
2020-02-24 16:26:21,373 - mylib.code_logging - DEBUG - > RCPT TO:<852982331@qq.com>
2020-02-24 16:26:21,438 - mylib.code_logging - DEBUG - < 503 Bad sequence of commands (specify MAIL first)
2020-02-24 16:26:21,438 - mylib.code_logging - DEBUG - > RCPT TO:<2351948295@qq.com>
2020-02-24 16:26:21,503 - mylib.code_logging - DEBUG - < 503 Bad sequence of commands (specify MAIL first)
2020-02-24 16:26:21,504 - mylib.code_logging - DEBUG - > RCPT TO:<235356156@qq.com>
2020-02-24 16:26:21,569 - mylib.code_logging - DEBUG - < 503 Bad sequence of commands (specify MAIL first)
2020-02-24 16:26:21,569 - mylib.code_logging - DEBUG - > RCPT TO:<201433434@qq.com>
2020-02-24 16:26:21,935 - mylib.code_logging - DEBUG - < 503 Bad sequence of commands (specify MAIL first)
2020-02-24 16:26:21,935 - mylib.code_logging - DEBUG - > RCPT TO:<369864874@qq.com>
2020-02-24 16:26:22,301 - mylib.code_logging - DEBUG - < 503 Bad sequence of commands (specify MAIL first)
2020-02-24 16:26:22,301 - mylib.code_logging - DEBUG - > RCPT TO:<664871357@qq.com>
2020-02-24 16:26:22,666 - mylib.code_logging - DEBUG - < 503 Bad sequence of commands (specify MAIL first)
2020-02-24 16:26:22,666 - mylib.code_logging - DEBUG - > RCPT TO:<lipengfei5201314@163.com>
2020-02-24 16:26:22,731 - mylib.code_logging - DEBUG - < 503 Bad sequence of commands (specify MAIL first)
2020-02-24 16:26:22,731 - mylib.code_logging - DEBUG - > RCPT TO:<1208576821@qq.com>
2020-02-24 16:26:22,797 - mylib.code_logging - DEBUG - < 503 Bad sequence of commands (specify MAIL first)
2020-02-24 16:26:22,797 - mylib.code_logging - DEBUG - > RCPT TO:<813942020@qq.com>
2020-02-24 16:26:22,863 - mylib.code_logging - DEBUG - < 503 Bad sequence of commands (specify MAIL first)
2020-02-24 16:26:22,863 - mylib.code_logging - DEBUG - > RCPT TO:<3451937426@qq.com>
2020-02-24 16:26:23,228 - mylib.code_logging - DEBUG - < 503 Bad sequence of commands (specify MAIL first)
2020-02-24 16:26:23,228 - mylib.code_logging - DEBUG - > RCPT TO:<562459951@qq.com>
2020-02-24 16:26:23,293 - mylib.code_logging - DEBUG - < 503 Bad sequence of commands (specify MAIL first)
2020-02-24 16:26:23,293 - mylib.code_logging - DEBUG - > RCPT TO:<2158942840@qq.com>
2020-02-24 16:26:23,359 - mylib.code_logging - DEBUG - < 503 Bad sequence of commands (specify MAIL first)
2020-02-24 16:26:23,359 - mylib.code_logging - DEBUG - > RCPT TO:<785469666@qq.com>
2020-02-24 16:26:23,723 - mylib.code_logging - DEBUG - < 503 Bad sequence of commands (specify MAIL first)
2020-02-24 16:26:23,723 - mylib.code_logging - DEBUG - > RCPT TO:<1054144128@qq.com>
2020-02-24 16:26:23,789 - mylib.code_logging - DEBUG - < 503 Bad sequence of commands (specify MAIL first)
2020-02-24 16:26:23,790 - mylib.code_logging - DEBUG - > RCPT TO:<1400791762@qq.com>
2020-02-24 16:26:24,154 - mylib.code_logging - DEBUG - < 503 Bad sequence of commands (specify MAIL first)
2020-02-24 16:26:24,154 - mylib.code_logging - DEBUG - > RCPT TO:<641963496@qq.com>
2020-02-24 16:26:24,819 - mylib.code_logging - DEBUG - < 503 Bad sequence of commands (specify MAIL first)
2020-02-24 16:26:24,819 - mylib.code_logging - DEBUG - > RCPT TO:<2955656639@qq.com>
2020-02-24 16:26:24,884 - mylib.code_logging - DEBUG - < 503 Bad sequence of commands (specify MAIL first)
2020-02-24 16:26:24,885 - mylib.code_logging - DEBUG - > RCPT TO:<2419572507@QQ.com>
2020-02-24 16:26:24,950 - mylib.code_logging - DEBUG - < 503 Bad sequence of commands (specify MAIL first)
2020-02-24 16:26:24,950 - mylib.code_logging - DEBUG - > RCPT TO:<282892763@qq.com>
2020-02-24 16:26:25,016 - mylib.code_logging - DEBUG - < 503 Bad sequence of commands (specify MAIL first)
2020-02-24 16:26:25,016 - mylib.code_logging - DEBUG - > RCPT TO:<13694516466@qq.com>
2020-02-24 16:26:25,681 - mylib.code_logging - DEBUG - < 503 Bad sequence of commands (specify MAIL first)
2020-02-24 16:26:25,682 - mylib.code_logging - DEBUG - > RCPT TO:<121043607@qq.com>
2020-02-24 16:26:25,747 - mylib.code_logging - DEBUG - < 503 Bad sequence of commands (specify MAIL first)
2020-02-24 16:26:25,747 - mylib.code_logging - DEBUG - > RCPT TO:<18334834311@qq.com>
2020-02-24 16:26:25,812 - mylib.code_logging - DEBUG - < 503 Bad sequence of commands (specify MAIL first)
2020-02-24 16:26:25,813 - mylib.code_logging - DEBUG - > RCPT TO:<kilua0425@163.com>
2020-02-24 16:28:54,699 - mylib.code_logging - DEBUG - > Connect: smtp.global-mail.cn
2020-02-24 16:28:54,868 - mylib.code_logging - DEBUG - < 220 ESMTP ready
2020-02-24 16:28:54,868 - mylib.code_logging - DEBUG - > HELO global-mail.cn
2020-02-24 16:28:54,946 - mylib.code_logging - DEBUG - < 250 ESMTP
2020-02-24 16:28:54,946 - mylib.code_logging - DEBUG - > EHLO global-mail.cn
2020-02-24 16:28:55,024 - mylib.code_logging - DEBUG - < 250-ESMTP
2020-02-24 16:28:55,025 - mylib.code_logging - DEBUG - < 250-AUTH PLAIN LOGIN
2020-02-24 16:28:55,025 - mylib.code_logging - DEBUG - < 250-SIZE
2020-02-24 16:28:55,025 - mylib.code_logging - DEBUG - < 250-8BITMIME
2020-02-24 16:28:55,025 - mylib.code_logging - DEBUG - < 250-STARTTLS
2020-02-24 16:28:55,025 - mylib.code_logging - DEBUG - < 250 OK
2020-02-24 16:28:55,025 - mylib.code_logging - DEBUG - > RANDOM ACCOUNT username:sales5@jshongze.com password:pyri10%ec
2020-02-24 16:28:55,025 - mylib.code_logging - DEBUG - > AUTH LOGIN c2FsZXM1QGpzaG9uZ3plLmNvbQ==
2020-02-24 16:28:55,704 - mylib.code_logging - DEBUG - < 334 UGFzc3dvcmQ6
2020-02-24 16:28:55,704 - mylib.code_logging - DEBUG - > cHlyaTEwJWVj
2020-02-24 16:28:55,827 - mylib.code_logging - DEBUG - < 535 Authentication failed
2020-02-24 16:28:55,827 - mylib.code_logging - DEBUG - > QUIT
2020-02-24 16:28:55,906 - mylib.code_logging - DEBUG - < 221 ESMTP closing connection
2020-02-24 16:28:55,907 - mylib.code_logging - DEBUG - > Connect: smtp.global-mail.cn
2020-02-24 16:30:02,945 - mylib.code_logging - DEBUG - > HELO global-mail.cn
2020-02-24 16:30:22,440 - mylib.code_logging - DEBUG - > Connect: smtp.global-mail.cn
2020-02-24 16:30:22,588 - mylib.code_logging - DEBUG - < 220 ESMTP ready
2020-02-24 16:30:22,588 - mylib.code_logging - DEBUG - > HELO global-mail.cn
2020-02-24 16:30:22,655 - mylib.code_logging - DEBUG - < 250 ESMTP
2020-02-24 16:30:22,655 - mylib.code_logging - DEBUG - > EHLO global-mail.cn
2020-02-24 16:30:22,722 - mylib.code_logging - DEBUG - < 250-ESMTP
2020-02-24 16:30:22,722 - mylib.code_logging - DEBUG - < 250-AUTH PLAIN LOGIN
2020-02-24 16:30:22,722 - mylib.code_logging - DEBUG - < 250-SIZE
2020-02-24 16:30:22,722 - mylib.code_logging - DEBUG - < 250-8BITMIME
2020-02-24 16:30:22,722 - mylib.code_logging - DEBUG - < 250-STARTTLS
2020-02-24 16:30:22,723 - mylib.code_logging - DEBUG - < 250 OK
2020-02-24 16:30:22,723 - mylib.code_logging - DEBUG - > RANDOM ACCOUNT username:sales5@jshongze.com password:pyri10%ec
2020-02-24 16:30:22,723 - mylib.code_logging - DEBUG - > AUTH LOGIN c2FsZXM1QGpzaG9uZ3plLmNvbQ==
2020-02-24 16:30:22,807 - mylib.code_logging - DEBUG - < 334 UGFzc3dvcmQ6
2020-02-24 16:30:22,807 - mylib.code_logging - DEBUG - > cHlyaTEwJWVj
2020-02-24 16:30:22,919 - mylib.code_logging - DEBUG - < 535 Authentication failed
2020-02-24 16:30:22,919 - mylib.code_logging - DEBUG - > QUIT
2020-02-24 16:30:22,986 - mylib.code_logging - DEBUG - < 221 ESMTP closing connection
2020-02-24 16:30:22,986 - mylib.code_logging - DEBUG - > HELO global-mail.cn
2020-02-24 16:30:22,987 - mylib.code_logging - DEBUG - < 
2020-02-24 16:31:28,115 - mylib.code_logging - DEBUG - > Connect: smtp.global-mail.cn
2020-02-24 16:31:28,275 - mylib.code_logging - DEBUG - < 220 ESMTP ready
2020-02-24 16:31:28,276 - mylib.code_logging - DEBUG - > HELO global-mail.cn
2020-02-24 16:31:28,615 - mylib.code_logging - DEBUG - < 250 ESMTP
2020-02-24 16:31:28,615 - mylib.code_logging - DEBUG - > EHLO global-mail.cn
2020-02-24 16:31:29,017 - mylib.code_logging - DEBUG - < 250-ESMTP
2020-02-24 16:31:29,018 - mylib.code_logging - DEBUG - < 250-AUTH PLAIN LOGIN
2020-02-24 16:31:29,018 - mylib.code_logging - DEBUG - < 250-SIZE
2020-02-24 16:31:29,018 - mylib.code_logging - DEBUG - < 250-8BITMIME
2020-02-24 16:31:29,018 - mylib.code_logging - DEBUG - < 250-STARTTLS
2020-02-24 16:31:29,018 - mylib.code_logging - DEBUG - < 250 OK
2020-02-24 16:31:29,018 - mylib.code_logging - DEBUG - > RANDOM ACCOUNT username:sales5@jshongze.com password:pyri10%ec
2020-02-24 16:31:29,018 - mylib.code_logging - DEBUG - > AUTH LOGIN c2FsZXM1QGpzaG9uZ3plLmNvbQ==
2020-02-24 16:31:29,143 - mylib.code_logging - DEBUG - < 334 UGFzc3dvcmQ6
2020-02-24 16:31:29,144 - mylib.code_logging - DEBUG - > cHlyaTEwJWVj
2020-02-24 16:31:29,339 - mylib.code_logging - DEBUG - < 535 Authentication failed
2020-02-24 16:31:29,339 - mylib.code_logging - DEBUG - > HELO global-mail.cn
2020-02-24 16:31:29,415 - mylib.code_logging - DEBUG - < 250 ESMTP
2020-02-24 16:31:29,416 - mylib.code_logging - DEBUG - > EHLO global-mail.cn
2020-02-24 16:31:29,485 - mylib.code_logging - DEBUG - < 250-ESMTP
2020-02-24 16:31:29,485 - mylib.code_logging - DEBUG - < 250-AUTH PLAIN LOGIN
2020-02-24 16:31:29,485 - mylib.code_logging - DEBUG - < 250-SIZE
2020-02-24 16:31:29,485 - mylib.code_logging - DEBUG - < 250-8BITMIME
2020-02-24 16:31:29,485 - mylib.code_logging - DEBUG - < 250-STARTTLS
2020-02-24 16:31:29,486 - mylib.code_logging - DEBUG - < 250 OK
2020-02-24 16:31:29,486 - mylib.code_logging - DEBUG - > RANDOM ACCOUNT username:sales5@jshongze.com password:pyri10%ec
2020-02-24 16:31:29,486 - mylib.code_logging - DEBUG - > AUTH LOGIN c2FsZXM1QGpzaG9uZ3plLmNvbQ==
2020-02-24 16:31:29,555 - mylib.code_logging - DEBUG - < 334 UGFzc3dvcmQ6
2020-02-24 16:31:29,555 - mylib.code_logging - DEBUG - > cHlyaTEwJWVj
2020-02-24 16:31:29,670 - mylib.code_logging - DEBUG - < 535 Authentication failed
2020-02-24 16:31:29,670 - mylib.code_logging - DEBUG - > HELO global-mail.cn
2020-02-24 16:31:29,740 - mylib.code_logging - DEBUG - < 250 ESMTP
2020-02-24 16:31:29,740 - mylib.code_logging - DEBUG - > EHLO global-mail.cn
2020-02-24 16:31:29,809 - mylib.code_logging - DEBUG - < 250-ESMTP
2020-02-24 16:31:29,809 - mylib.code_logging - DEBUG - < 250-AUTH PLAIN LOGIN
2020-02-24 16:31:29,809 - mylib.code_logging - DEBUG - < 250-SIZE
2020-02-24 16:31:29,809 - mylib.code_logging - DEBUG - < 250-8BITMIME
2020-02-24 16:31:29,809 - mylib.code_logging - DEBUG - < 250-STARTTLS
2020-02-24 16:31:29,810 - mylib.code_logging - DEBUG - < 250 OK
2020-02-24 16:31:29,810 - mylib.code_logging - DEBUG - > RANDOM ACCOUNT username:sales5@jshongze.com password:pyri10%ec
2020-02-24 16:31:29,810 - mylib.code_logging - DEBUG - > AUTH LOGIN c2FsZXM1QGpzaG9uZ3plLmNvbQ==
2020-02-24 16:31:29,879 - mylib.code_logging - DEBUG - < 334 UGFzc3dvcmQ6
2020-02-24 16:31:29,879 - mylib.code_logging - DEBUG - > cHlyaTEwJWVj
2020-02-24 16:31:30,294 - mylib.code_logging - DEBUG - < 535 Authentication failed
2020-02-24 16:31:30,295 - mylib.code_logging - DEBUG - > HELO global-mail.cn
2020-02-24 16:31:30,366 - mylib.code_logging - DEBUG - < 250 ESMTP
2020-02-24 16:31:30,366 - mylib.code_logging - DEBUG - > EHLO global-mail.cn
2020-02-24 16:32:29,333 - mylib.code_logging - DEBUG - > Connect: smtp.global-mail.cn
2020-02-24 16:32:30,584 - mylib.code_logging - DEBUG - < 220 ESMTP ready
2020-02-24 16:32:30,585 - mylib.code_logging - DEBUG - > HELO global-mail.cn
2020-02-24 16:32:30,680 - mylib.code_logging - DEBUG - < 250 ESMTP
2020-02-24 16:32:30,680 - mylib.code_logging - DEBUG - > EHLO global-mail.cn
2020-02-24 16:32:31,075 - mylib.code_logging - DEBUG - < 250-ESMTP
2020-02-24 16:32:31,075 - mylib.code_logging - DEBUG - < 250-AUTH PLAIN LOGIN
2020-02-24 16:32:31,075 - mylib.code_logging - DEBUG - < 250-SIZE
2020-02-24 16:32:31,075 - mylib.code_logging - DEBUG - < 250-8BITMIME
2020-02-24 16:32:31,075 - mylib.code_logging - DEBUG - < 250-STARTTLS
2020-02-24 16:32:31,075 - mylib.code_logging - DEBUG - < 250 OK
2020-02-24 16:32:31,075 - mylib.code_logging - DEBUG - > RANDOM ACCOUNT username:sales5@jshongze.com password:pyri10%ec
2020-02-24 16:32:31,075 - mylib.code_logging - DEBUG - > AUTH LOGIN c2FsZXM1QGpzaG9uZ3plLmNvbQ==
2020-02-24 16:32:31,157 - mylib.code_logging - DEBUG - < 334 UGFzc3dvcmQ6
2020-02-24 16:32:31,157 - mylib.code_logging - DEBUG - > cHlyaTEwJWVj
2020-02-24 16:32:31,295 - mylib.code_logging - DEBUG - < 535 Authentication failed
2020-02-24 16:32:31,295 - mylib.code_logging - DEBUG - > HELO global-mail.cn
2020-02-24 16:32:31,725 - mylib.code_logging - DEBUG - < 250 ESMTP
2020-02-24 16:32:31,726 - mylib.code_logging - DEBUG - > EHLO global-mail.cn
2020-02-24 16:32:31,803 - mylib.code_logging - DEBUG - < 250-ESMTP
2020-02-24 16:32:31,803 - mylib.code_logging - DEBUG - < 250-AUTH PLAIN LOGIN
2020-02-24 16:32:31,803 - mylib.code_logging - DEBUG - < 250-SIZE
2020-02-24 16:32:31,803 - mylib.code_logging - DEBUG - < 250-8BITMIME
2020-02-24 16:32:31,803 - mylib.code_logging - DEBUG - < 250-STARTTLS
2020-02-24 16:32:31,803 - mylib.code_logging - DEBUG - < 250 OK
2020-02-24 16:32:31,804 - mylib.code_logging - DEBUG - > RANDOM ACCOUNT username:sales4@jshongze.com password:pyri10%ec
2020-02-24 16:32:31,804 - mylib.code_logging - DEBUG - > AUTH LOGIN c2FsZXM0QGpzaG9uZ3plLmNvbQ==
2020-02-24 16:32:31,880 - mylib.code_logging - DEBUG - < 334 UGFzc3dvcmQ6
2020-02-24 16:32:31,880 - mylib.code_logging - DEBUG - > cHlyaTEwJWVj
2020-02-24 16:32:32,303 - mylib.code_logging - DEBUG - < 235 Authentication successful
2020-02-24 16:32:32,329 - mylib.code_logging - DEBUG - > MAIL FROM:<sales5@jshongze.com>
2020-02-24 16:32:32,406 - mylib.code_logging - DEBUG - < 501 Username and sender address mismatched
2020-02-24 16:32:32,406 - mylib.code_logging - DEBUG - > RCPT TO:<2697666711@qq.com>
2020-02-24 16:32:32,783 - mylib.code_logging - DEBUG - < 503 Bad sequence of commands (specify MAIL first)
2020-02-24 16:32:32,783 - mylib.code_logging - DEBUG - > RCPT TO:<549086748@qq.com>
2020-02-24 16:32:32,860 - mylib.code_logging - DEBUG - < 503 Bad sequence of commands (specify MAIL first)
2020-02-24 16:32:32,860 - mylib.code_logging - DEBUG - > RCPT TO:<852982331@qq.com>
2020-02-24 16:32:32,938 - mylib.code_logging - DEBUG - < 503 Bad sequence of commands (specify MAIL first)
2020-02-24 16:32:32,939 - mylib.code_logging - DEBUG - > RCPT TO:<2351948295@qq.com>
2020-02-24 16:32:33,317 - mylib.code_logging - DEBUG - < 503 Bad sequence of commands (specify MAIL first)
2020-02-24 16:32:33,317 - mylib.code_logging - DEBUG - > RCPT TO:<235356156@qq.com>
2020-02-24 16:32:33,397 - mylib.code_logging - DEBUG - < 503 Bad sequence of commands (specify MAIL first)
2020-02-24 16:32:33,397 - mylib.code_logging - DEBUG - > RCPT TO:<201433434@qq.com>
2020-02-24 16:32:33,474 - mylib.code_logging - DEBUG - < 503 Bad sequence of commands (specify MAIL first)
2020-02-24 16:32:33,474 - mylib.code_logging - DEBUG - > RCPT TO:<369864874@qq.com>
2020-02-24 16:32:33,552 - mylib.code_logging - DEBUG - < 503 Bad sequence of commands (specify MAIL first)
2020-02-24 16:32:33,552 - mylib.code_logging - DEBUG - > RCPT TO:<664871357@qq.com>
2020-02-24 16:32:33,628 - mylib.code_logging - DEBUG - < 503 Bad sequence of commands (specify MAIL first)
2020-02-24 16:32:33,628 - mylib.code_logging - DEBUG - > RCPT TO:<lipengfei5201314@163.com>
2020-02-24 16:32:33,731 - mylib.code_logging - DEBUG - < 503 Bad sequence of commands (specify MAIL first)
2020-02-24 16:32:33,731 - mylib.code_logging - DEBUG - > RCPT TO:<1208576821@qq.com>
2020-02-24 16:32:33,825 - mylib.code_logging - DEBUG - < 503 Bad sequence of commands (specify MAIL first)
2020-02-24 16:32:33,826 - mylib.code_logging - DEBUG - > RCPT TO:<813942020@qq.com>
2020-02-24 16:32:33,903 - mylib.code_logging - DEBUG - < 503 Bad sequence of commands (specify MAIL first)
2020-02-24 16:32:33,903 - mylib.code_logging - DEBUG - > RCPT TO:<3451937426@qq.com>
2020-02-24 16:32:33,980 - mylib.code_logging - DEBUG - < 503 Bad sequence of commands (specify MAIL first)
2020-02-24 16:32:33,981 - mylib.code_logging - DEBUG - > RCPT TO:<562459951@qq.com>
2020-02-24 16:34:57,847 - mylib.code_logging - DEBUG - > Connect: smtp.global-mail.cn
2020-02-24 16:34:58,020 - mylib.code_logging - DEBUG - < 220 ESMTP ready
2020-02-24 16:34:58,021 - mylib.code_logging - DEBUG - > HELO global-mail.cn
2020-02-24 16:34:58,101 - mylib.code_logging - DEBUG - < 250 ESMTP
2020-02-24 16:34:58,101 - mylib.code_logging - DEBUG - > EHLO global-mail.cn
2020-02-24 16:34:58,184 - mylib.code_logging - DEBUG - < 250-ESMTP
2020-02-24 16:34:58,184 - mylib.code_logging - DEBUG - < 250-AUTH PLAIN LOGIN
2020-02-24 16:34:58,184 - mylib.code_logging - DEBUG - < 250-SIZE
2020-02-24 16:34:58,184 - mylib.code_logging - DEBUG - < 250-8BITMIME
2020-02-24 16:34:58,184 - mylib.code_logging - DEBUG - < 250-STARTTLS
2020-02-24 16:34:58,184 - mylib.code_logging - DEBUG - < 250 OK
2020-02-24 16:34:58,184 - mylib.code_logging - DEBUG - > RANDOM ACCOUNT username:sales4@jshongze.com password:pyri10%ec
2020-02-24 16:34:58,184 - mylib.code_logging - DEBUG - > AUTH LOGIN c2FsZXM0QGpzaG9uZ3plLmNvbQ==
2020-02-24 16:34:58,565 - mylib.code_logging - DEBUG - < 334 UGFzc3dvcmQ6
2020-02-24 16:34:58,565 - mylib.code_logging - DEBUG - > cHlyaTEwJWVj
2020-02-24 16:34:58,697 - mylib.code_logging - DEBUG - < 235 Authentication successful
2020-02-24 16:34:58,735 - mylib.code_logging - DEBUG - > MAIL FROM:<sales4@jshongze.com>
2020-02-24 16:34:58,851 - mylib.code_logging - DEBUG - < 250 Sender <sales4@jshongze.com> Ok
2020-02-24 16:34:58,852 - mylib.code_logging - DEBUG - > RCPT TO:<2697666711@qq.com>
2020-02-24 16:34:58,968 - mylib.code_logging - DEBUG - < 250 Recipient <2697666711@qq.com> Ok
2020-02-24 16:34:58,968 - mylib.code_logging - DEBUG - > RCPT TO:<549086748@qq.com>
2020-02-24 16:34:59,063 - mylib.code_logging - DEBUG - < 250 Recipient <549086748@qq.com> Ok
2020-02-24 16:34:59,064 - mylib.code_logging - DEBUG - > RCPT TO:<852982331@qq.com>
2020-02-24 16:34:59,144 - mylib.code_logging - DEBUG - < 250 Recipient <852982331@qq.com> Ok
2020-02-24 16:34:59,145 - mylib.code_logging - DEBUG - > RCPT TO:<2351948295@qq.com>
2020-02-24 16:34:59,259 - mylib.code_logging - DEBUG - < 250 Recipient <2351948295@qq.com> Ok
2020-02-24 16:34:59,259 - mylib.code_logging - DEBUG - > RCPT TO:<235356156@qq.com>
2020-02-24 16:34:59,390 - mylib.code_logging - DEBUG - < 250 Recipient <235356156@qq.com> Ok
2020-02-24 16:34:59,390 - mylib.code_logging - DEBUG - > RCPT TO:<201433434@qq.com>
2020-02-24 16:34:59,489 - mylib.code_logging - DEBUG - < 250 Recipient <201433434@qq.com> Ok
2020-02-24 16:34:59,489 - mylib.code_logging - DEBUG - > RCPT TO:<369864874@qq.com>
2020-02-24 16:34:59,883 - mylib.code_logging - DEBUG - < 250 Recipient <369864874@qq.com> Ok
2020-02-24 16:34:59,883 - mylib.code_logging - DEBUG - > RCPT TO:<664871357@qq.com>
2020-02-24 16:34:59,970 - mylib.code_logging - DEBUG - < 250 Recipient <664871357@qq.com> Ok
2020-02-24 16:34:59,971 - mylib.code_logging - DEBUG - > RCPT TO:<lipengfei5201314@163.com>
2020-02-24 16:35:00,051 - mylib.code_logging - DEBUG - < 250 Recipient <lipengfei5201314@163.com> Ok
2020-02-24 16:35:00,052 - mylib.code_logging - DEBUG - > RCPT TO:<1208576821@qq.com>
2020-02-24 16:35:00,190 - mylib.code_logging - DEBUG - < 250 Recipient <1208576821@qq.com> Ok
2020-02-24 16:35:00,190 - mylib.code_logging - DEBUG - > RCPT TO:<813942020@qq.com>
2020-02-24 16:35:00,571 - mylib.code_logging - DEBUG - < 250 Recipient <813942020@qq.com> Ok
2020-02-24 16:35:00,572 - mylib.code_logging - DEBUG - > RCPT TO:<3451937426@qq.com>
2020-02-24 16:35:00,653 - mylib.code_logging - DEBUG - < 250 Recipient <3451937426@qq.com> Ok
2020-02-24 16:35:00,653 - mylib.code_logging - DEBUG - > RCPT TO:<562459951@qq.com>
2020-02-24 16:35:00,734 - mylib.code_logging - DEBUG - < 250 Recipient <562459951@qq.com> Ok
2020-02-24 16:35:00,734 - mylib.code_logging - DEBUG - > RCPT TO:<2158942840@qq.com>
2020-02-24 16:35:00,814 - mylib.code_logging - DEBUG - < 250 Recipient <2158942840@qq.com> Ok
2020-02-24 16:35:00,815 - mylib.code_logging - DEBUG - > RCPT TO:<785469666@qq.com>
2020-02-24 16:35:00,896 - mylib.code_logging - DEBUG - < 250 Recipient <785469666@qq.com> Ok
2020-02-24 16:35:00,896 - mylib.code_logging - DEBUG - > RCPT TO:<1054144128@qq.com>
2020-02-24 16:35:00,976 - mylib.code_logging - DEBUG - < 250 Recipient <1054144128@qq.com> Ok
2020-02-24 16:35:00,977 - mylib.code_logging - DEBUG - > RCPT TO:<1400791762@qq.com>
2020-02-24 16:35:01,058 - mylib.code_logging - DEBUG - < 250 Recipient <1400791762@qq.com> Ok
2020-02-24 16:35:01,058 - mylib.code_logging - DEBUG - > RCPT TO:<641963496@qq.com>
2020-02-24 16:35:01,139 - mylib.code_logging - DEBUG - < 250 Recipient <641963496@qq.com> Ok
2020-02-24 16:35:01,139 - mylib.code_logging - DEBUG - > RCPT TO:<2955656639@qq.com>
2020-02-24 16:35:01,521 - mylib.code_logging - DEBUG - < 250 Recipient <2955656639@qq.com> Ok
2020-02-24 16:35:01,521 - mylib.code_logging - DEBUG - > RCPT TO:<2419572507@QQ.com>
2020-02-24 16:35:01,603 - mylib.code_logging - DEBUG - < 250 Recipient <2419572507@qq.com> Ok
2020-02-24 16:35:01,603 - mylib.code_logging - DEBUG - > RCPT TO:<282892763@qq.com>
2020-02-24 16:35:01,684 - mylib.code_logging - DEBUG - < 250 Recipient <282892763@qq.com> Ok
2020-02-24 16:35:01,684 - mylib.code_logging - DEBUG - > RCPT TO:<13694516466@qq.com>
2020-02-24 16:35:01,764 - mylib.code_logging - DEBUG - < 250 Recipient <13694516466@qq.com> Ok
2020-02-24 16:35:01,765 - mylib.code_logging - DEBUG - > RCPT TO:<121043607@qq.com>
2020-02-24 16:35:01,845 - mylib.code_logging - DEBUG - < 250 Recipient <121043607@qq.com> Ok
2020-02-24 16:35:01,845 - mylib.code_logging - DEBUG - > RCPT TO:<18334834311@qq.com>
2020-02-24 16:35:01,928 - mylib.code_logging - DEBUG - < 250 Recipient <18334834311@qq.com> Ok
2020-02-24 16:35:01,928 - mylib.code_logging - DEBUG - > RCPT TO:<kilua0425@163.com>
2020-02-24 16:35:02,015 - mylib.code_logging - DEBUG - < 250 Recipient <kilua0425@163.com> Ok
2020-02-24 16:35:02,015 - mylib.code_logging - DEBUG - > RCPT TO:<1985640685@qq.com>
2020-02-24 16:35:02,096 - mylib.code_logging - DEBUG - < 250 Recipient <1985640685@qq.com> Ok
2020-02-24 16:35:02,096 - mylib.code_logging - DEBUG - > RCPT TO:<59207799@qq.com>
2020-02-24 16:35:02,176 - mylib.code_logging - DEBUG - < 250 Recipient <59207799@qq.com> Ok
2020-02-24 16:35:02,176 - mylib.code_logging - DEBUG - > RCPT TO:<2745763567@qq.com>
2020-02-24 16:35:02,258 - mylib.code_logging - DEBUG - < 250 Recipient <2745763567@qq.com> Ok
2020-02-24 16:35:02,258 - mylib.code_logging - DEBUG - > RCPT TO:<67781149@qq.com>
2020-02-24 16:35:02,647 - mylib.code_logging - DEBUG - < 250 Recipient <67781149@qq.com> Ok
2020-02-24 16:35:02,647 - mylib.code_logging - DEBUG - > RCPT TO:<aaa275822178@sohu.com>
2020-02-24 16:35:02,751 - mylib.code_logging - DEBUG - < 250 Recipient <aaa275822178@sohu.com> Ok
2020-02-24 16:35:02,751 - mylib.code_logging - DEBUG - > RCPT TO:<838929565@qq.com>
2020-02-24 16:35:02,924 - mylib.code_logging - DEBUG - < 250 Recipient <838929565@qq.com> Ok
2020-02-24 16:35:02,924 - mylib.code_logging - DEBUG - > RCPT TO:<421769282@qq.com>
2020-02-24 16:35:03,063 - mylib.code_logging - DEBUG - < 250 Recipient <421769282@qq.com> Ok
2020-02-24 16:35:03,063 - mylib.code_logging - DEBUG - > RCPT TO:<15676751224@sina.com>
2020-02-24 16:35:03,223 - mylib.code_logging - DEBUG - < 250 Recipient <15676751224@sina.com> Ok
2020-02-24 16:35:03,224 - mylib.code_logging - DEBUG - > RCPT TO:<404350016@qq.com>
2020-02-24 16:35:03,398 - mylib.code_logging - DEBUG - < 250 Recipient <404350016@qq.com> Ok
2020-02-24 16:35:03,398 - mylib.code_logging - DEBUG - > RCPT TO:<15513903383@163.com>
2020-02-24 16:35:03,541 - mylib.code_logging - DEBUG - < 250 Recipient <15513903383@163.com> Ok
2020-02-24 16:35:03,541 - mylib.code_logging - DEBUG - > RCPT TO:<916411701@qq.com>
2020-02-24 16:35:03,711 - mylib.code_logging - DEBUG - < 250 Recipient <916411701@qq.com> Ok
2020-02-24 16:35:03,711 - mylib.code_logging - DEBUG - > RCPT TO:<503101744@qq.com>
2020-02-24 16:35:03,816 - mylib.code_logging - DEBUG - < 250 Recipient <503101744@qq.com> Ok
2020-02-24 16:35:03,816 - mylib.code_logging - DEBUG - > RCPT TO:<58455458@qq.com>
2020-02-24 16:35:03,913 - mylib.code_logging - DEBUG - < 250 Recipient <58455458@qq.com> Ok
2020-02-24 16:35:03,913 - mylib.code_logging - DEBUG - > RCPT TO:<3307182198@qq.com>
2020-02-24 16:35:04,022 - mylib.code_logging - DEBUG - < 250 Recipient <3307182198@qq.com> Ok
2020-02-24 16:35:04,023 - mylib.code_logging - DEBUG - > RCPT TO:<18583623267@qq.com>
2020-02-24 16:35:04,127 - mylib.code_logging - DEBUG - < 250 Recipient <18583623267@qq.com> Ok
2020-02-24 16:35:04,127 - mylib.code_logging - DEBUG - > RCPT TO:<424373741@qq.com>
2020-02-24 16:35:04,243 - mylib.code_logging - DEBUG - < 250 Recipient <424373741@qq.com> Ok
2020-02-24 16:35:04,243 - mylib.code_logging - DEBUG - > RCPT TO:<729236331@qq.com>
2020-02-24 16:35:04,373 - mylib.code_logging - DEBUG - < 250 Recipient <729236331@qq.com> Ok
2020-02-24 16:35:04,374 - mylib.code_logging - DEBUG - > RCPT TO:<1323215322@gmail.com>
2020-02-24 16:35:04,515 - mylib.code_logging - DEBUG - < 250 Recipient <1323215322@gmail.com> Ok
2020-02-24 16:35:04,515 - mylib.code_logging - DEBUG - > RCPT TO:<676016676@qq.com>
2020-02-24 16:35:04,637 - mylib.code_logging - DEBUG - < 250 Recipient <676016676@qq.com> Ok
2020-02-24 16:35:04,637 - mylib.code_logging - DEBUG - > RCPT TO:<2499930486@qq.com>
2020-02-24 16:35:05,018 - mylib.code_logging - DEBUG - < 250 Recipient <2499930486@qq.com> Ok
2020-02-24 16:35:05,018 - mylib.code_logging - DEBUG - > RCPT TO:<676075225@qq.com>
2020-02-24 16:35:05,101 - mylib.code_logging - DEBUG - < 250 Recipient <676075225@qq.com> Ok
2020-02-24 16:35:05,101 - mylib.code_logging - DEBUG - > RCPT TO:<454329982@qq.com>
2020-02-24 16:35:05,182 - mylib.code_logging - DEBUG - < 250 Recipient <454329982@qq.com> Ok
2020-02-24 16:35:05,182 - mylib.code_logging - DEBUG - > RCPT TO:<1450539222@qq.com>
2020-02-24 16:35:05,263 - mylib.code_logging - DEBUG - < 250 Recipient <1450539222@qq.com> Ok
2020-02-24 16:35:05,263 - mylib.code_logging - DEBUG - > RCPT TO:<845086808@qq.com>
2020-02-24 16:35:05,343 - mylib.code_logging - DEBUG - < 250 Recipient <845086808@qq.com> Ok
2020-02-24 16:35:05,343 - mylib.code_logging - DEBUG - > RCPT TO:<914081010@qq.com>
2020-02-24 16:35:05,425 - mylib.code_logging - DEBUG - < 250 Recipient <914081010@qq.com> Ok
2020-02-24 16:35:05,425 - mylib.code_logging - DEBUG - > DATA
2020-02-24 16:35:05,504 - mylib.code_logging - DEBUG - < 354 Ok Send data ending with <CRLF>.<CRLF>
2020-02-24 16:35:05,505 - mylib.code_logging - DEBUG - > Send Content Data: ........
2020-02-24 16:35:06,046 - mylib.code_logging - DEBUG - < 250  25792 bytes received: 182023277 (a1af1167db8a4ad0a55138986d3a904e-20200224)

2020-02-24 16:35:06,047 - mylib.code_logging - DEBUG - > HELO global-mail.cn
2020-02-24 16:35:06,198 - mylib.code_logging - DEBUG - < 250 ESMTP
2020-02-24 16:35:06,198 - mylib.code_logging - DEBUG - > EHLO global-mail.cn
2020-02-24 16:35:06,375 - mylib.code_logging - DEBUG - < 250-ESMTP
2020-02-24 16:35:06,375 - mylib.code_logging - DEBUG - < 250-AUTH PLAIN LOGIN
2020-02-24 16:35:06,375 - mylib.code_logging - DEBUG - < 250-SIZE
2020-02-24 16:35:06,375 - mylib.code_logging - DEBUG - < 250-8BITMIME
2020-02-24 16:35:06,375 - mylib.code_logging - DEBUG - < 250-STARTTLS
2020-02-24 16:35:06,375 - mylib.code_logging - DEBUG - < 250 OK
2020-02-24 16:35:06,375 - mylib.code_logging - DEBUG - > RANDOM ACCOUNT username:sales5@jshongze.com password:pyri10%ec
2020-02-24 16:35:06,376 - mylib.code_logging - DEBUG - > AUTH LOGIN c2FsZXM1QGpzaG9uZ3plLmNvbQ==
2020-02-24 16:35:06,837 - mylib.code_logging - DEBUG - < 503 Already issued AUTH
2020-02-24 16:35:06,838 - mylib.code_logging - DEBUG - > cHlyaTEwJWVj
